0 info it worked if it ends with ok
1 verbose cli [ '/home/kamhix/.nvm/versions/node/v6.9.1/bin/node',
1 verbose cli   '/home/kamhix/.nvm/versions/node/v6.9.1/bin/npm',
1 verbose cli   'start' ]
2 info using npm@3.10.8
3 info using node@v6.9.1
4 verbose run-script [ 'prestart', 'start', 'poststart' ]
5 info lifecycle Todoist@0.0.1~prestart: Todoist@0.0.1
6 silly lifecycle Todoist@0.0.1~prestart: no script for prestart, continuing
7 info lifecycle Todoist@0.0.1~start: Todoist@0.0.1
8 verbose lifecycle Todoist@0.0.1~start: unsafe-perm in lifecycle true
9 verbose lifecycle Todoist@0.0.1~start: PATH: /home/kamhix/.nvm/versions/node/v6.9.1/lib/node_modules/npm/bin/node-gyp-bin:/home/kamhix/Documents/work/kamhix/projects/new/todoist-linux/node_modules/.bin:/home/kamhix/depot_tools:/home/kamhix/.nvm/versions/node/v6.9.1/bin:/usr/local/sbin:/usr/local/bin:/usr/sbin:/usr/bin:/sbin:/bin:/usr/games:/usr/local/games:/usr/lib/jvm/java-8-oracle/bin:/usr/lib/jvm/java-8-oracle/db/bin:/usr/lib/jvm/java-8-oracle/jre/bin:/home/kamhix/Android/Sdk/tools:/home/kamhix/Android/Sdk/platform-tools
10 verbose lifecycle Todoist@0.0.1~start: CWD: /home/kamhix/Documents/work/kamhix/projects/new/todoist-linux
11 silly lifecycle Todoist@0.0.1~start: Args: [ '-c', 'run --x64 --mirror https://dl.nwjs.io/ .' ]
12 silly lifecycle Todoist@0.0.1~start: Returned: code: 11  signal: null
13 info lifecycle Todoist@0.0.1~start: Failed to exec start script
14 verbose stack Error: Todoist@0.0.1 start: `run --x64 --mirror https://dl.nwjs.io/ .`
14 verbose stack Exit status 11
14 verbose stack     at EventEmitter.<anonymous> (/home/kamhix/.nvm/versions/node/v6.9.1/lib/node_modules/npm/lib/utils/lifecycle.js:255:16)
14 verbose stack     at emitTwo (events.js:106:13)
14 verbose stack     at EventEmitter.emit (events.js:191:7)
14 verbose stack     at ChildProcess.<anonymous> (/home/kamhix/.nvm/versions/node/v6.9.1/lib/node_modules/npm/lib/utils/spawn.js:40:14)
14 verbose stack     at emitTwo (events.js:106:13)
14 verbose stack     at ChildProcess.emit (events.js:191:7)
14 verbose stack     at maybeClose (internal/child_process.js:877:16)
14 verbose stack     at Process.ChildProcess._handle.onexit (internal/child_process.js:226:5)
15 verbose pkgid Todoist@0.0.1
16 verbose cwd /home/kamhix/Documents/work/kamhix/projects/new/todoist-linux
17 error Linux 3.16.0-38-generic
18 error argv "/home/kamhix/.nvm/versions/node/v6.9.1/bin/node" "/home/kamhix/.nvm/versions/node/v6.9.1/bin/npm" "start"
19 error node v6.9.1
20 error npm  v3.10.8
21 error code ELIFECYCLE
22 error Todoist@0.0.1 start: `run --x64 --mirror https://dl.nwjs.io/ .`
22 error Exit status 11
23 error Failed at the Todoist@0.0.1 start script 'run --x64 --mirror https://dl.nwjs.io/ .'.
23 error Make sure you have the latest version of node.js and npm installed.
23 error If you do, this is most likely a problem with the Todoist package,
23 error not with npm itself.
23 error Tell the author that this fails on your system:
23 error     run --x64 --mirror https://dl.nwjs.io/ .
23 error You can get information on how to open an issue for this project with:
23 error     npm bugs Todoist
23 error Or if that isn't available, you can get their info via:
23 error     npm owner ls Todoist
23 error There is likely additional logging output above.
24 verbose exit [ 1, true ]
